<?xml version="1.0" encoding="UTF-8"?>
<!-- Generated by org.testng.reporters.JUnitReportReporter -->
<testsuite hostname="LAPTOP-UUVR85DV" failures="0" tests="1" name="com.javaIntroductPart.CheckBoxesdemo" time="8.812" errors="0" timestamp="2025-03-24T15:45:37 IST" skipped="0">
  <testcase classname="com.javaIntroductPart.CheckBoxesdemo" name="verificationOfCheckBoxes" time="8.812"/>
</testsuite> <!-- com.javaIntroductPart.CheckBoxesdemo -->
