<?xml version="1.0" encoding="UTF-8"?>
<!-- Generated by org.testng.reporters.JUnitReportReporter -->
<testsuite hostname="LAPTOP-UUVR85DV" failures="0" tests="2" name="GroupingTestNGOne.groupTestThree" time="0.008" errors="0" timestamp="2025-05-06T16:31:54 IST" skipped="0">
  <testcase classname="GroupingTestNGOne.groupTestThree" name="test5" time="0.005"/>
  <testcase classname="GroupingTestNGOne.groupTestThree" name="test8" time="0.003"/>
</testsuite> <!-- GroupingTestNGOne.groupTestThree -->
