<?xml version="1.0" encoding="UTF-8"?>
<!-- Generated by org.testng.reporters.JUnitReportReporter -->
<testsuite hostname="LAPTOP-UUVR85DV" failures="0" tests="3" name="AlertsDemo.testCases" time="13.372" errors="0" timestamp="2025-04-25T15:58:17 IST" skipped="0">
  <testcase classname="AlertsDemo.testCases" name="alertwithInbox" time="7.128"/>
  <testcase classname="AlertsDemo.testCases" name="alertAccept" time="3.138"/>
  <testcase classname="AlertsDemo.testCases" name="alertDismiss" time="3.106"/>
</testsuite> <!-- AlertsDemo.testCases -->
