<?xml version="1.0" encoding="UTF-8"?>
<!-- Generated by org.testng.reporters.JUnitReportReporter -->
<testsuite hostname="LAPTOP-UUVR85DV" failures="0" tests="1" name="GroupsInTestNGintro.groupTestOne" time="0.003" errors="0" timestamp="2025-05-06T15:31:50 IST" skipped="0">
  <testcase classname="GroupsInTestNGintro.groupTestOne" name="test5" time="0.003"/>
</testsuite> <!-- GroupsInTestNGintro.groupTestOne -->
