<?xml version="1.0" encoding="UTF-8"?>
<!-- Generated by org.testng.reporters.JUnitReportReporter -->
<testsuite hostname="LAPTOP-UUVR85DV" failures="0" tests="1" name="TestingNextGenerationPractice.groupsIntoductOne" time="0.010" errors="0" timestamp="2025-05-17T05:10:21 IST" skipped="0">
  <testcase classname="TestingNextGenerationPractice.groupsIntoductOne" name="test7" time="0.010"/>
</testsuite> <!-- TestingNextGenerationPractice.groupsIntoductOne -->
