<?xml version="1.0" encoding="UTF-8"?>
<!-- Generated by org.testng.reporters.JUnitReportReporter -->
<testsuite hostname="LAPTOP-UUVR85DV" failures="0" tests="1" name="com.javaIntroductPart.CheckBoxesdemo" time="5.778" errors="0" timestamp="2025-04-25T15:52:46 IST" skipped="0">
  <testcase classname="com.javaIntroductPart.CheckBoxesdemo" name="verificationOfCheckBoxes" time="5.778"/>
</testsuite> <!-- com.javaIntroductPart.CheckBoxesdemo -->
