<?xml version="1.0" encoding="UTF-8"?>
<!-- Generated by org.testng.reporters.JUnitReportReporter -->
<testsuite hostname="LAPTOP-UUVR85DV" failures="0" tests="1" name="projectpracticeDay_02.testCase_002" time="31.925" errors="0" timestamp="2025-04-09T11:56:18 IST" skipped="0">
  <testcase classname="projectpracticeDay_02.testCase_002" name="testcasefive" time="31.925"/>
</testsuite> <!-- projectpracticeDay_02.testCase_002 -->
