<?xml version="1.0" encoding="UTF-8"?>
<!-- Generated by org.testng.reporters.JUnitReportReporter -->
<testsuite hostname="LAPTOP-UUVR85DV" failures="0" tests="1" name="AssertionsIntroduction.AssertionTsetone" time="2.808" errors="0" timestamp="2025-05-06T10:21:42 IST" skipped="0">
  <testcase classname="AssertionsIntroduction.AssertionTsetone" name="testGoogle" time="2.808"/>
</testsuite> <!-- AssertionsIntroduction.AssertionTsetone -->
