<?xml version="1.0" encoding="UTF-8"?>
<!-- Generated by org.testng.reporters.JUnitReportReporter -->
<testsuite hostname="LAPTOP-UUVR85DV" failures="0" tests="3" name="GroupingTestNGOne.groupTestTwo" time="0.014" errors="0" timestamp="2025-05-06T16:31:54 IST" skipped="0">
  <testcase classname="GroupingTestNGOne.groupTestTwo" name="test2" time="0.001"/>
  <testcase classname="GroupingTestNGOne.groupTestTwo" name="test1" time="0.010"/>
  <testcase classname="GroupingTestNGOne.groupTestTwo" name="test3" time="0.003"/>
</testsuite> <!-- GroupingTestNGOne.groupTestTwo -->
