<?xml version="1.0" encoding="UTF-8"?>
<!-- Generated by org.testng.reporters.JUnitReportReporter -->
<testsuite hostname="LAPTOP-UUVR85DV" failures="0" tests="2" name="com.javaIntroductPart.Alertsintroduct" time="15.368" errors="0" timestamp="2025-04-25T15:56:00 IST" skipped="0">
  <testcase classname="com.javaIntroductPart.Alertsintroduct" name="alertdismiss" time="7.388"/>
  <testcase classname="com.javaIntroductPart.Alertsintroduct" name="alertaccept" time="7.980"/>
</testsuite> <!-- com.javaIntroductPart.Alertsintroduct -->
