<?xml version="1.0" encoding="UTF-8"?>
<!-- Generated by org.testng.reporters.JUnitReportReporter -->
<testsuite hostname="LAPTOP-UUVR85DV" failures="0" tests="1" name="com.javaIntroductPart.selectdropdowns" time="0.100" errors="0" timestamp="2025-03-18T18:19:53 IST" skipped="0">
  <testcase classname="com.javaIntroductPart.selectdropdowns" name="Verification" time="0.100"/>
</testsuite> <!-- com.javaIntroductPart.selectdropdowns -->
