<?xml version="1.0" encoding="UTF-8"?>
<!-- Generated by org.testng.reporters.JUnitReportReporter -->
<testsuite hostname="LAPTOP-UUVR85DV" failures="0" tests="1" name="com.javaIntroductPart.gettextgetAttributedemo" time="0.069" errors="0" timestamp="2025-05-05T15:53:41 IST" skipped="0">
  <testcase classname="com.javaIntroductPart.gettextgetAttributedemo" name="verification" time="0.069"/>
</testsuite> <!-- com.javaIntroductPart.gettextgetAttributedemo -->
