<?xml version="1.0" encoding="UTF-8"?>
<!-- Generated by org.testng.reporters.JUnitReportReporter -->
<testsuite hostname="LAPTOP-UUVR85DV" failures="0" tests="1" name="JavaIntroductionOne.BootStrapDropdown" time="17.296" errors="0" timestamp="2025-04-25T15:37:50 IST" skipped="0">
  <testcase classname="JavaIntroductionOne.BootStrapDropdown" name="dropdowncheck" time="17.296"/>
</testsuite> <!-- JavaIntroductionOne.BootStrapDropdown -->
