<?xml version="1.0" encoding="UTF-8"?>
<!-- Generated by org.testng.reporters.JUnitReportReporter -->
<testsuite hostname="LAPTOP-UUVR85DV" failures="0" tests="3" name="TestingNextGenerationPractice.groupsIntroduction" time="0.007" errors="0" timestamp="2025-05-17T05:10:21 IST" skipped="0">
  <testcase classname="TestingNextGenerationPractice.groupsIntroduction" name="test2" time="0.002"/>
  <testcase classname="TestingNextGenerationPractice.groupsIntroduction" name="test3" time="0.003"/>
  <testcase classname="TestingNextGenerationPractice.groupsIntroduction" name="test4" time="0.002"/>
</testsuite> <!-- TestingNextGenerationPractice.groupsIntroduction -->
