<?xml version="1.0" encoding="UTF-8"?>
<!-- Generated by org.testng.reporters.JUnitReportReporter -->
<testsuite hostname="LAPTOP-UUVR85DV" failures="0" tests="2" name="com.javaIntroductPart.Alertsintroduct" time="44.688" errors="0" timestamp="2025-03-25T15:12:13 IST" skipped="0">
  <testcase classname="com.javaIntroductPart.Alertsintroduct" name="alertdismiss" time="17.817"/>
  <testcase classname="com.javaIntroductPart.Alertsintroduct" name="alertaccept" time="26.871"/>
</testsuite> <!-- com.javaIntroductPart.Alertsintroduct -->
