<?xml version="1.0" encoding="UTF-8"?>
<!-- Generated by org.testng.reporters.JUnitReportReporter -->
<testsuite hostname="LAPTOP-UUVR85DV" failures="0" tests="1" name="projectPracticeDayOne.testcase003" time="8.807" errors="0" timestamp="2025-04-10T18:17:52 IST" skipped="0">
  <testcase classname="projectPracticeDayOne.testcase003" name="testcasesix" time="8.807"/>
</testsuite> <!-- projectPracticeDayOne.testcase003 -->
