<?xml version="1.0" encoding="UTF-8"?>
<!-- Generated by org.testng.reporters.JUnitReportReporter -->
<testsuite hostname="LAPTOP-UUVR85DV" failures="0" tests="3" name="GroupsInTestNGintro.grourTest" time="0.018" errors="0" timestamp="2025-05-06T15:32:32 IST" skipped="0">
  <testcase classname="GroupsInTestNGintro.grourTest" name="test1" time="0.010"/>
  <testcase classname="GroupsInTestNGintro.grourTest" name="test2" time="0.002"/>
  <testcase classname="GroupsInTestNGintro.grourTest" name="test3" time="0.006"/>
</testsuite> <!-- GroupsInTestNGintro.grourTest -->
