<?xml version="1.0" encoding="UTF-8"?>
<!-- Generated by org.testng.reporters.JUnitReportReporter -->
<testsuite hostname="LAPTOP-UUVR85DV" failures="0" tests="3" name="AlertsDemo.testCases" time="13.352" errors="0" timestamp="2025-03-25T15:32:36 IST" skipped="0">
  <testcase classname="AlertsDemo.testCases" name="alertDismiss" time="3.106"/>
  <testcase classname="AlertsDemo.testCases" name="alertwithInbox" time="7.142"/>
  <testcase classname="AlertsDemo.testCases" name="alertAccept" time="3.104"/>
</testsuite> <!-- AlertsDemo.testCases -->
