<?xml version="1.0" encoding="UTF-8"?>
<!-- Generated by org.testng.reporters.JUnitReportReporter -->
<testsuite hostname="LAPTOP-UUVR85DV" failures="0" tests="1" name="projectPracticeDayOne.testcaseone_001" time="21.646" errors="0" timestamp="2025-04-08T19:31:54 IST" skipped="0">
  <testcase classname="projectPracticeDayOne.testcaseone_001" name="testCase4" time="21.646"/>
</testsuite> <!-- projectPracticeDayOne.testcaseone_001 -->
